# JRE version: OpenJDK Runtime Environment (8.0_212-b04) (build 1.8.0_212-release-1586-b04)
# Java VM: OpenJDK 64-Bit Server VM (25.212-b04 mixed mode windows-amd64 compressed oops)
Heap:
 PSYoungGen      total 398336K, used 75836K [0x00000000e0000000, 0x00000000fd800000, 0x0000000100000000)
  eden space 391168K, 19% used [0x00000000e0000000,0x00000000e4a0f160,0x00000000f7e00000)
  from space 7168K, 0% used [0x00000000f8e80000,0x00000000f8e80000,0x00000000f9580000)
  to   space 46080K, 0% used [0x00000000fab00000,0x00000000fab00000,0x00000000fd800000)
 ParOldGen       total 190464K, used 47081K [0x00000000a0000000, 0x00000000aba00000, 0x00000000e0000000)
  object space 190464K, 24% used [0x00000000a0000000,0x00000000a2dfa7e8,0x00000000aba00000)
 Metaspace       used 98835K, capacity 102384K, committed 105088K, reserved 1153024K
  class space    used 12729K, capacity 13444K, committed 13952K, reserved 1048576K
GC Heap History (10 events):
Event: 1788.225 GC heap before
{Heap before GC invocations=21 (full 6):
 PSYoungGen      total 398336K, used 3371K [0x00000000e0000000, 0x00000000fd800000, 0x0000000100000000)
  eden space 391168K, 0% used [0x00000000e0000000,0x00000000e0000000,0x00000000f7e00000)
  from space 7168K, 47% used [0x00000000f8e80000,0x00000000f91cace0,0x00000000f9580000)
  to   space 46080K, 0% used [0x00000000fab00000,0x00000000fab00000,0x00000000fd800000)
 ParOldGen       total 190464K, used 49928K [0x00000000a0000000, 0x00000000aba00000, 0x00000000e0000000)
  object space 190464K, 26% used [0x00000000a0000000,0x00000000a30c21a0,0x00000000aba00000)
 Metaspace       used 98696K, capacity 102702K, committed 104320K, reserved 1153024K
  class space    used 12796K, capacity 13609K, committed 13952K, reserved 1048576K
Event: 1788.339 GC heap after
Heap after GC invocations=21 (full 6):
 PSYoungGen      total 398336K, used 0K [0x00000000e0000000, 0x00000000fd800000, 0x0000000100000000)
  eden space 391168K, 0% used [0x00000000e0000000,0x00000000e0000000,0x00000000f7e00000)
  from space 7168K, 0% used [0x00000000f8e80000,0x00000000f8e80000,0x00000000f9580000)
  to   space 46080K, 0% used [0x00000000fab00000,0x00000000fab00000,0x00000000fd800000)
 ParOldGen       total 190464K, used 50507K [0x00000000a0000000, 0x00000000aba00000, 0x00000000e0000000)
  object space 190464K, 26% used [0x00000000a0000000,0x00000000a3152f50,0x00000000aba00000)
 Metaspace       used 98417K, capacity 101962K, committed 104320K, reserved 1148928K
  class space    used 12699K, capacity 13441K, committed 13952K, reserved 1048576K
}
Event: 1788.340 GC heap before
{Heap before GC invocations=22 (full 6):
 PSYoungGen      total 398336K, used 1339K [0x00000000e0000000, 0x00000000fd800000, 0x0000000100000000)
  eden space 391168K, 0% used [0x00000000e0000000,0x00000000e014eca8,0x00000000f7e00000)
  from space 7168K, 0% used [0x00000000f8e80000,0x00000000f8e80000,0x00000000f9580000)
  to   space 46080K, 0% used [0x00000000fab00000,0x00000000fab00000,0x00000000fd800000)
 ParOldGen       total 190464K, used 50507K [0x00000000a0000000, 0x00000000aba00000, 0x00000000e0000000)
  object space 190464K, 26% used [0x00000000a0000000,0x00000000a3152f50,0x00000000aba00000)
 Metaspace       used 98424K, capacity 101962K, committed 104320K, reserved 1153024K
  class space    used 12699K, capacity 13441K, committed 13952K, reserved 1048576K
Event: 1788.343 GC heap after
Heap after GC invocations=22 (full 6):
 PSYoungGen      total 437248K, used 160K [0x00000000e0000000, 0x00000000fd800000, 0x0000000100000000)
  eden space 391168K, 0% used [0x00000000e0000000,0x00000000e0000000,0x00000000f7e00000)
  from space 46080K, 0% used [0x00000000fab00000,0x00000000fab28000,0x00000000fd800000)
  to   space 7168K, 0% used [0x00000000f8e80000,0x00000000f8e80000,0x00000000f9580000)
 ParOldGen       total 190464K, used 50507K [0x00000000a0000000, 0x00000000aba00000, 0x00000000e0000000)
  object space 190464K, 26% used [0x00000000a0000000,0x00000000a3152f50,0x00000000aba00000)
 Metaspace       used 98424K, capacity 101962K, committed 104320K, reserved 1153024K
  class space    used 12699K, capacity 13441K, committed 13952K, reserved 1048576K
}
Event: 1788.343 GC heap before
{Heap before GC invocations=23 (full 7):
 PSYoungGen      total 437248K, used 160K [0x00000000e0000000, 0x00000000fd800000, 0x0000000100000000)
  eden space 391168K, 0% used [0x00000000e0000000,0x00000000e0000000,0x00000000f7e00000)
  from space 46080K, 0% used [0x00000000fab00000,0x00000000fab28000,0x00000000fd800000)
  to   space 7168K, 0% used [0x00000000f8e80000,0x00000000f8e80000,0x00000000f9580000)
 ParOldGen       total 190464K, used 50507K [0x00000000a0000000, 0x00000000aba00000, 0x00000000e0000000)
  object space 190464K, 26% used [0x00000000a0000000,0x00000000a3152f50,0x00000000aba00000)
 Metaspace       used 98424K, capacity 101962K, committed 104320K, reserved 1153024K
  class space    used 12699K, capacity 13441K, committed 13952K, reserved 1048576K
Event: 1788.438 GC heap after
Heap after GC invocations=23 (full 7):
 PSYoungGen      total 437248K, used 0K [0x00000000e0000000, 0x00000000fd800000, 0x0000000100000000)
  eden space 391168K, 0% used [0x00000000e0000000,0x00000000e0000000,0x00000000f7e00000)
  from space 46080K, 0% used [0x00000000fab00000,0x00000000fab00000,0x00000000fd800000)
  to   space 7168K, 0% used [0x00000000f8e80000,0x00000000f8e80000,0x00000000f9580000)
 ParOldGen       total 190464K, used 48840K [0x00000000a0000000, 0x00000000aba00000, 0x00000000e0000000)
  object space 190464K, 25% used [0x00000000a0000000,0x00000000a2fb21f8,0x00000000aba00000)
 Metaspace       used 98424K, capacity 101962K, committed 104320K, reserved 1148928K
  class space    used 12699K, capacity 13441K, committed 13952K, reserved 1048576K
}
Event: 1788.438 GC heap before
{Heap before GC invocations=24 (full 7):
 PSYoungGen      total 437248K, used 0K [0x00000000e0000000, 0x00000000fd800000, 0x0000000100000000)
  eden space 391168K, 0% used [0x00000000e0000000,0x00000000e0000000,0x00000000f7e00000)
  from space 46080K, 0% used [0x00000000fab00000,0x00000000fab00000,0x00000000fd800000)
  to   space 7168K, 0% used [0x00000000f8e80000,0x00000000f8e80000,0x00000000f9580000)
 ParOldGen       total 190464K, used 48840K [0x00000000a0000000, 0x00000000aba00000, 0x00000000e0000000)
  object space 190464K, 25% used [0x00000000a0000000,0x00000000a2fb21f8,0x00000000aba00000)
 Metaspace       used 98424K, capacity 101962K, committed 104320K, reserved 1153024K
  class space    used 12699K, capacity 13441K, committed 13952K, reserved 1048576K
Event: 1788.440 GC heap after
Heap after GC invocations=24 (full 7):
 PSYoungGen      total 398336K, used 0K [0x00000000e0000000, 0x00000000fd800000, 0x0000000100000000)
  eden space 391168K, 0% used [0x00000000e0000000,0x00000000e0000000,0x00000000f7e00000)
  from space 7168K, 0% used [0x00000000f8e80000,0x00000000f8e80000,0x00000000f9580000)
  to   space 46080K, 0% used [0x00000000fab00000,0x00000000fab00000,0x00000000fd800000)
 ParOldGen       total 190464K, used 48840K [0x00000000a0000000, 0x00000000aba00000, 0x00000000e0000000)
  object space 190464K, 25% used [0x00000000a0000000,0x00000000a2fb21f8,0x00000000aba00000)
 Metaspace       used 98424K, capacity 101962K, committed 104320K, reserved 1153024K
  class space    used 12699K, capacity 13441K, committed 13952K, reserved 1048576K
}
Event: 1788.440 GC heap before
{Heap before GC invocations=25 (full 8):
 PSYoungGen      total 398336K, used 0K [0x00000000e0000000, 0x00000000fd800000, 0x0000000100000000)
  eden space 391168K, 0% used [0x00000000e0000000,0x00000000e0000000,0x00000000f7e00000)
  from space 7168K, 0% used [0x00000000f8e80000,0x00000000f8e80000,0x00000000f9580000)
  to   space 46080K, 0% used [0x00000000fab00000,0x00000000fab00000,0x00000000fd800000)
 ParOldGen       total 190464K, used 48840K [0x00000000a0000000, 0x00000000aba00000, 0x00000000e0000000)
  object space 190464K, 25% used [0x00000000a0000000,0x00000000a2fb21f8,0x00000000aba00000)
 Metaspace       used 98424K, capacity 101962K, committed 104320K, reserved 1153024K
  class space    used 12699K, capacity 13441K, committed 13952K, reserved 1048576K
Event: 1788.926 GC heap after
Heap after GC invocations=25 (full 8):
 PSYoungGen      total 398336K, used 0K [0x00000000e0000000, 0x00000000fd800000, 0x0000000100000000)
  eden space 391168K, 0% used [0x00000000e0000000,0x00000000e0000000,0x00000000f7e00000)
  from space 7168K, 0% used [0x00000000f8e80000,0x00000000f8e80000,0x00000000f9580000)
  to   space 46080K, 0% used [0x00000000fab00000,0x00000000fab00000,0x00000000fd800000)
 ParOldGen       total 190464K, used 47081K [0x00000000a0000000, 0x00000000aba00000, 0x00000000e0000000)
  object space 190464K, 24% used [0x00000000a0000000,0x00000000a2dfa7e8,0x00000000aba00000)
 Metaspace       used 98098K, capacity 101420K, committed 104320K, reserved 1148928K
  class space    used 12650K, capacity 13350K, committed 13952K, reserved 1048576K
}

